mode: count
cachingService/internal/infrastructure/cache/cache.go:30.33,39.2 3 6
cachingService/internal/infrastructure/cache/cache.go:41.41,42.22 1 20
cachingService/internal/infrastructure/cache/cache.go:43.12,44.14 1 10
cachingService/internal/infrastructure/cache/cache.go:45.16,46.14 1 5
cachingService/internal/infrastructure/cache/cache.go:47.15,48.14 1 5
cachingService/internal/infrastructure/cache/cache.go:49.11,50.26 1 0
cachingService/internal/infrastructure/cache/cache.go:54.101,58.16 4 20
cachingService/internal/infrastructure/cache/cache.go:58.16,60.3 1 0
cachingService/internal/infrastructure/cache/cache.go:61.2,63.8 3 20
cachingService/internal/infrastructure/cache/cache.go:63.8,67.3 3 0
cachingService/internal/infrastructure/cache/cache.go:67.8,69.26 2 20
cachingService/internal/infrastructure/cache/cache.go:69.26,75.4 5 0
cachingService/internal/infrastructure/cache/cache.go:76.3,76.11 1 20
cachingService/internal/infrastructure/cache/cache.go:78.2,86.12 4 20
cachingService/internal/infrastructure/cache/cache.go:89.109,92.17 3 14
cachingService/internal/infrastructure/cache/cache.go:92.17,94.3 1 4
cachingService/internal/infrastructure/cache/cache.go:95.2,96.9 2 10
cachingService/internal/infrastructure/cache/cache.go:96.9,98.3 1 4
cachingService/internal/infrastructure/cache/cache.go:99.2,99.40 1 6
cachingService/internal/infrastructure/cache/cache.go:102.97,105.17 3 1
cachingService/internal/infrastructure/cache/cache.go:105.17,107.3 1 0
cachingService/internal/infrastructure/cache/cache.go:108.2,110.32 3 1
cachingService/internal/infrastructure/cache/cache.go:110.32,113.3 2 4
cachingService/internal/infrastructure/cache/cache.go:114.2,114.26 1 1
cachingService/internal/infrastructure/cache/cache.go:117.90,121.9 4 2
cachingService/internal/infrastructure/cache/cache.go:121.9,123.3 1 0
cachingService/internal/infrastructure/cache/cache.go:124.2,128.24 5 2
cachingService/internal/infrastructure/cache/cache.go:131.56,134.17 3 2
cachingService/internal/infrastructure/cache/cache.go:134.17,136.3 1 1
cachingService/internal/infrastructure/cache/cache.go:137.2,140.12 4 1
cachingService/internal/usecase/usecase.go:13.42,15.2 1 0
cachingService/internal/usecase/usecase.go:17.101,19.2 1 0
cachingService/internal/usecase/usecase.go:21.109,23.2 1 0
cachingService/internal/usecase/usecase.go:25.97,27.2 1 0
cachingService/internal/usecase/usecase.go:29.90,31.2 1 0
cachingService/internal/usecase/usecase.go:33.56,35.2 1 0
cachingService/internal/usecase/usecase.go:13.42,15.2 1 0
cachingService/internal/usecase/usecase.go:17.101,19.2 1 0
cachingService/internal/usecase/usecase.go:21.109,23.2 1 0
cachingService/internal/usecase/usecase.go:25.97,27.2 1 0
cachingService/internal/usecase/usecase.go:29.90,31.2 1 0
cachingService/internal/usecase/usecase.go:33.56,35.2 1 0
