mode: count
cachingService/internal/infrastructure/cache/cache.go:35.59,45.2 3 8
cachingService/internal/infrastructure/cache/cache.go:47.41,48.22 1 27
cachingService/internal/infrastructure/cache/cache.go:49.12,50.14 1 12
cachingService/internal/infrastructure/cache/cache.go:51.16,52.14 1 6
cachingService/internal/infrastructure/cache/cache.go:53.15,54.14 1 9
cachingService/internal/infrastructure/cache/cache.go:55.11,56.26 1 0
cachingService/internal/infrastructure/cache/cache.go:60.101,64.16 4 27
cachingService/internal/infrastructure/cache/cache.go:64.16,66.3 1 0
cachingService/internal/infrastructure/cache/cache.go:67.2,68.33 2 27
cachingService/internal/infrastructure/cache/cache.go:68.33,72.3 3 1
cachingService/internal/infrastructure/cache/cache.go:72.8,74.26 2 26
cachingService/internal/infrastructure/cache/cache.go:74.26,80.4 5 1
cachingService/internal/infrastructure/cache/cache.go:81.3,81.11 1 26
cachingService/internal/infrastructure/cache/cache.go:83.2,91.12 4 27
cachingService/internal/infrastructure/cache/cache.go:94.109,98.9 4 20
cachingService/internal/infrastructure/cache/cache.go:98.9,100.3 1 9
cachingService/internal/infrastructure/cache/cache.go:101.2,101.39 1 11
cachingService/internal/infrastructure/cache/cache.go:101.39,107.3 5 0
cachingService/internal/infrastructure/cache/cache.go:108.2,108.40 1 11
cachingService/internal/infrastructure/cache/cache.go:111.97,114.17 3 2
cachingService/internal/infrastructure/cache/cache.go:114.17,116.3 1 1
cachingService/internal/infrastructure/cache/cache.go:117.2,119.32 3 1
cachingService/internal/infrastructure/cache/cache.go:119.32,120.40 1 4
cachingService/internal/infrastructure/cache/cache.go:120.40,125.12 5 0
cachingService/internal/infrastructure/cache/cache.go:127.3,128.38 2 4
cachingService/internal/infrastructure/cache/cache.go:130.2,130.26 1 1
cachingService/internal/infrastructure/cache/cache.go:133.90,137.9 4 2
cachingService/internal/infrastructure/cache/cache.go:137.9,139.3 1 0
cachingService/internal/infrastructure/cache/cache.go:140.2,144.24 5 2
cachingService/internal/infrastructure/cache/cache.go:147.56,154.2 6 1
